<?xml version="1.0" encoding="UTF-8"?>
<testng-results skipped="0" failed="0" ignored="0" total="1" passed="1">
  <reporter-output>
  </reporter-output>
  <suite name="Surefire suite" duration-ms="24903" started-at="2018-01-11T16:38:59Z" finished-at="2018-01-11T16:39:24Z">
    <groups>
      <group name="cucumber">
        <method signature="AbstractTestNGCucumberTests.feature(cucumber.api.testng.CucumberFeatureWrapper)[pri:0, instance:runner.TestRunner@668bc3d5]" name="feature" class="cucumber.api.testng.AbstractTestNGCucumberTests"/>
      </group> <!-- cucumber -->
    </groups>
    <test name="Surefire test" duration-ms="24903" started-at="2018-01-11T16:38:59Z" finished-at="2018-01-11T16:39:24Z">
      <class name="runner.TestRunner">
        <test-method status="PASS" signature="setUpClass()[pri:0, instance:runner.TestRunner@668bc3d5]" name="setUpClass" is-config="true" duration-ms="640" started-at="2018-01-11T23:38:59Z" finished-at="2018-01-11T23:39:00Z">
          <reporter-output>
          </reporter-output>
        </test-method> <!-- setUpClass -->
        <test-method status="PASS" signature="feature(cucumber.api.testng.CucumberFeatureWrapper)[pri:0, instance:runner.TestRunner@668bc3d5]" name="feature" duration-ms="23934" started-at="2018-01-11T23:39:00Z" description="Runs Cucumber Feature" data-provider="features" finished-at="2018-01-11T23:39:24Z">
          <params>
            <param index="0">
              <value>
                <![CDATA[LoginFeature]]>
              </value>
            </param>
          </params>
          <reporter-output>
          </reporter-output>
        </test-method> <!-- feature -->
        <test-method status="PASS" signature="tearDownClass()[pri:0, instance:runner.TestRunner@668bc3d5]" name="tearDownClass" is-config="true" duration-ms="128" started-at="2018-01-11T23:39:24Z" finished-at="2018-01-11T23:39:24Z">
          <reporter-output>
          </reporter-output>
        </test-method> <!-- tearDownClass -->
      </class> <!-- runner.TestRunner -->
    </test> <!-- Surefire test -->
  </suite> <!-- Surefire suite -->
</testng-results>
